<!DOCTYPE html PUBLIC "-//W3C//DTD XHTML 1.1//EN" "http://www.w3.org/TR/xhtml11/DTD/xhtml11.dtd">
<html xmlns="http://www.w3.org/1999/xhtml">
<head>
<meta http-equiv="content-type" content="text/html; charset=UTF-8"/>
<title>TestNG Report</title>
<style type="text/css">table {margin-bottom:10px;border-collapse:collapse;empty-cells:show}th,td {border:1px solid #009;padding:.25em .5em}th {vertical-align:bottom}td {vertical-align:top}table a {font-weight:bold}.stripe td {background-color: #E6EBF9}.num {text-align:right}.passedodd td {background-color: #3F3}.passedeven td {background-color: #0A0}.skippedodd td {background-color: #DDD}.skippedeven td {background-color: #CCC}.failedodd td,.attn {background-color: #F33}.failedeven td,.stripe .attn {background-color: #D00}.stacktrace {white-space:pre;font-family:monospace}.totop {font-size:85%;text-align:center;border-bottom:2px solid #000}.invisible {display:none}</style>
</head>
<body>
<table>
<tr><th>Test</th><th># Passed</th><th># Skipped</th><th># Failed</th><th>Time (ms)</th><th>Included Groups</th><th>Excluded Groups</th></tr>
<tr><th colspan="7">Unipupil.UniMavenTests.Chrome77BuyCourseAddFeesAgentDomesticIndivCommFullPaymentTest</th></tr>
<tr><td><a href="#t0">Command line test</a></td><td class="num">0</td><td class="num attn">98</td><td class="num">0</td><td class="num">24,744</td><td></td><td></td></tr>
</table>
<table id='summary'><thead><tr><th>Class</th><th>Method</th><th>Start</th><th>Time (ms)</th></tr></thead><tbody><tr><th colspan="4">Unipupil.UniMavenTests.Chrome77BuyCourseAddFeesAgentDomesticIndivCommFullPaymentTest</th></tr></tbody><tbody id="t0"><tr><th colspan="4">Command line test &#8212; failed (configuration methods)</th></tr><tr class="failedeven"><td rowspan="1">Unipupil.UniMavenTests.Chrome77BuyCourseAddFeesAgentDomesticIndivCommFullPaymentTest</td><td><a href="#m0">setup</a></td><td rowspan="1">1574682677720</td><td rowspan="1">24672</td></tr><tr><th colspan="4">Command line test &#8212; skipped (configuration methods)</th></tr><tr class="skippedeven"><td rowspan="1">Unipupil.UniMavenTests.Chrome77BuyCourseAddFeesAgentDomesticIndivCommFullPaymentTest</td><td><a href="#m1">shutdown</a></td><td rowspan="1">1574682702464</td><td rowspan="1">0</td></tr><tr><th colspan="4">Command line test &#8212; skipped</th></tr><tr class="skippedeven"><td rowspan="98">Unipupil.UniMavenTests.Chrome77BuyCourseAddFeesAgentDomesticIndivCommFullPaymentTest</td><td><a href="#m2">addCourseToCart</a></td><td rowspan="1">1574682702442</td><td rowspan="1">0</td></tr><tr class="skippedeven"><td><a href="#m3">adminLogin</a></td><td rowspan="1">1574682702458</td><td rowspan="1">0</td></tr><tr class="skippedeven"><td><a href="#m4">agentAccountDisplayedTotalCommissionPercent</a></td><td rowspan="1">1574682702458</td><td rowspan="1">0</td></tr><tr class="skippedeven"><td><a href="#m5">agentAccountPurchaseDate</a></td><td rowspan="1">1574682702458</td><td rowspan="1">0</td></tr><tr class="skippedeven"><td><a href="#m6">agentAccountTotalPaid</a></td><td rowspan="1">1574682702458</td><td rowspan="1">0</td></tr><tr class="skippedeven"><td><a href="#m7">agentAccountTotalPrice</a></td><td rowspan="1">1574682702459</td><td rowspan="1">0</td></tr><tr class="skippedeven"><td><a href="#m8">agentAccountTotalRevenue</a></td><td rowspan="1">1574682702459</td><td rowspan="1">0</td></tr><tr class="skippedeven"><td><a href="#m9">agentLogin</a></td><td rowspan="1">1574682702458</td><td rowspan="1">0</td></tr><tr class="skippedeven"><td><a href="#m10">agentPayPalAccount</a></td><td rowspan="1">1574682702463</td><td rowspan="1">0</td></tr><tr class="skippedeven"><td><a href="#m11">aggregateFeesEqualReviewOrderSubTotal</a></td><td rowspan="1">1574682702449</td><td rowspan="1">0</td></tr><tr class="skippedeven"><td><a href="#m12">agreeCookiePolicy</a></td><td rowspan="1">1574682702438</td><td rowspan="1">0</td></tr><tr class="skippedeven"><td><a href="#m13">cartAdditionalFees</a></td><td rowspan="1">1574682702443</td><td rowspan="1">0</td></tr><tr class="skippedeven"><td><a href="#m14">cartAdditionalFeesTitle</a></td><td rowspan="1">1574682702442</td><td rowspan="1">0</td></tr><tr class="skippedeven"><td><a href="#m15">cartLinePrice</a></td><td rowspan="1">1574682702443</td><td rowspan="1">0</td></tr><tr class="skippedeven"><td><a href="#m16">cartProductName</a></td><td rowspan="1">1574682702442</td><td rowspan="1">0</td></tr><tr class="skippedeven"><td><a href="#m17">cartProductUnitPrice</a></td><td rowspan="1">1574682702442</td><td rowspan="1">0</td></tr><tr class="skippedeven"><td><a href="#m18">checkAggregateFeesEqualCartSubtotal</a></td><td rowspan="1">1574682702443</td><td rowspan="1">0</td></tr><tr class="skippedeven"><td><a href="#m19">checkAggregateFeesEqualCheckoutTotal</a></td><td rowspan="1">1574682702445</td><td rowspan="1">0</td></tr><tr class="skippedeven"><td><a href="#m20">checkAggregateFeesEqualPaymentOrderHistoryTotal</a></td><td rowspan="1">1574682702455</td><td rowspan="1">0</td></tr><tr class="skippedeven"><td><a href="#m21">checkCartSubTotalAgainstGrossFees</a></td><td rowspan="1">1574682702443</td><td rowspan="1">0</td></tr><tr class="skippedeven"><td><a href="#m22">checkInstitutionAccount</a></td><td rowspan="1">1574682702459</td><td rowspan="1">0</td></tr><tr class="skippedeven"><td><a href="#m23">checkoutAdditionalFees</a></td><td rowspan="1">1574682702445</td><td rowspan="1">0</td></tr><tr class="skippedeven"><td><a href="#m24">checkoutAdditionalFeesTitle</a></td><td rowspan="1">1574682702444</td><td rowspan="1">0</td></tr><tr class="skippedeven"><td><a href="#m25">checkoutInstitutionTitle</a></td><td rowspan="1">1574682702444</td><td rowspan="1">0</td></tr><tr class="skippedeven"><td><a href="#m26">checkoutLinePrice</a></td><td rowspan="1">1574682702445</td><td rowspan="1">0</td></tr><tr class="skippedeven"><td><a href="#m27">checkoutLineProductName</a></td><td rowspan="1">1574682702444</td><td rowspan="1">0</td></tr><tr class="skippedeven"><td><a href="#m28">checkoutProductUnitPrice</a></td><td rowspan="1">1574682702444</td><td rowspan="1">0</td></tr><tr class="skippedeven"><td><a href="#m29">checkoutTotal</a></td><td rowspan="1">1574682702445</td><td rowspan="1">0</td></tr><tr class="skippedeven"><td><a href="#m30">completeOrderPageMessage</a></td><td rowspan="1">1574682702452</td><td rowspan="1">0</td></tr><tr class="skippedeven"><td><a href="#m31">completeOrderTitle</a></td><td rowspan="1">1574682702451</td><td rowspan="1">0</td></tr><tr class="skippedeven"><td><a href="#m32">eduInstitutionPayPalAccountAgentCommission</a></td><td rowspan="1">1574682702463</td><td rowspan="1">0</td></tr><tr class="skippedeven"><td><a href="#m33">eduInstitutionPayPalAccountGrossFees</a></td><td rowspan="1">1574682702463</td><td rowspan="1">0</td></tr><tr class="skippedeven"><td><a href="#m34">eduInstitutionPayPalAccountUnipupilCommission</a></td><td rowspan="1">1574682702464</td><td rowspan="1">0</td></tr><tr class="skippedeven"><td><a href="#m35">eduInstitutionPaymentStatus</a></td><td rowspan="1">1574682702463</td><td rowspan="1">0</td></tr><tr class="skippedeven"><td><a href="#m36">enterAddressAndContinue</a></td><td rowspan="1">1574682702446</td><td rowspan="1">0</td></tr><tr class="skippedeven"><td><a href="#m37">enterInstitutionLoginDetails</a></td><td rowspan="1">1574682702439</td><td rowspan="1">0</td></tr><tr class="skippedeven"><td><a href="#m38">enterStudentLoginDetails</a></td><td rowspan="1">1574682702441</td><td rowspan="1">0</td></tr><tr class="skippedeven"><td><a href="#m39">findInstitution</a></td><td rowspan="1">1574682702441</td><td rowspan="1">0</td></tr><tr class="skippedeven"><td><a href="#m40">getCommissionPercentages</a></td><td rowspan="1">1574682702458</td><td rowspan="1">0</td></tr><tr class="skippedeven"><td><a href="#m41">getCourseFees</a></td><td rowspan="1">1574682702440</td><td rowspan="1">0</td></tr><tr class="skippedeven"><td><a href="#m42">getCourseList</a></td><td rowspan="1">1574682702439</td><td rowspan="1">0</td></tr><tr class="skippedeven"><td><a href="#m43">goToCheckout</a></td><td rowspan="1">1574682702444</td><td rowspan="1">0</td></tr><tr class="skippedeven"><td><a href="#m44">goToCourseEditPage</a></td><td rowspan="1">1574682702439</td><td rowspan="1">0</td></tr><tr class="skippedeven"><td><a href="#m45">goToHomepage</a></td><td rowspan="1">1574682702437</td><td rowspan="1">0</td></tr><tr class="skippedeven"><td><a href="#m46">goToStudentAccount</a></td><td rowspan="1">1574682702455</td><td rowspan="1">0</td></tr><tr class="skippedeven"><td><a href="#m47">institutionAccountAdditionalFee</a></td><td rowspan="1">1574682702462</td><td rowspan="1">0</td></tr><tr class="skippedeven"><td><a href="#m48">institutionAccountAdditionalFeeName</a></td><td rowspan="1">1574682702461</td><td rowspan="1">0</td></tr><tr class="skippedeven"><td><a href="#m49">institutionAccountAdditionalFeeTotal</a></td><td rowspan="1">1574682702462</td><td rowspan="1">0</td></tr><tr class="skippedeven"><td><a href="#m50">institutionAccountCoursePrice</a></td><td rowspan="1">1574682702461</td><td rowspan="1">0</td></tr><tr class="skippedeven"><td><a href="#m51">institutionAccountDisplayedAgentPercent</a></td><td rowspan="1">1574682702460</td><td rowspan="1">0</td></tr><tr class="skippedeven"><td><a href="#m52">institutionAccountDisplayedInstitutionPercent</a></td><td rowspan="1">1574682702460</td><td rowspan="1">0</td></tr><tr class="skippedeven"><td><a href="#m53">institutionAccountDisplayedTotalCommissionPercent</a></td><td rowspan="1">1574682702459</td><td rowspan="1">0</td></tr><tr class="skippedeven"><td><a href="#m54">institutionAccountFinishDate</a></td><td rowspan="1">1574682702461</td><td rowspan="1">0</td></tr><tr class="skippedeven"><td><a href="#m55">institutionAccountOverviewPage</a></td><td rowspan="1">1574682702459</td><td rowspan="1">0</td></tr><tr class="skippedeven"><td><a href="#m56">institutionAccountPurchaseDate</a></td><td rowspan="1">1574682702460</td><td rowspan="1">0</td></tr><tr class="skippedeven"><td><a href="#m57">institutionAccountStartDate</a></td><td rowspan="1">1574682702461</td><td rowspan="1">0</td></tr><tr class="skippedeven"><td><a href="#m58">institutionAccountTotalPaid</a></td><td rowspan="1">1574682702460</td><td rowspan="1">0</td></tr><tr class="skippedeven"><td><a href="#m59">institutionLogin</a></td><td rowspan="1">1574682702438</td><td rowspan="1">0</td></tr><tr class="skippedeven"><td><a href="#m60">institutionLogout</a></td><td rowspan="1">1574682702440</td><td rowspan="1">0</td></tr><tr class="skippedeven"><td><a href="#m61">payPalLogin</a></td><td rowspan="1">1574682702450</td><td rowspan="1">0</td></tr><tr class="skippedeven"><td><a href="#m62">paymentOrderHistoryAdditionalFees</a></td><td rowspan="1">1574682702454</td><td rowspan="1">0</td></tr><tr class="skippedeven"><td><a href="#m63">paymentOrderHistoryHeader</a></td><td rowspan="1">1574682702452</td><td rowspan="1">0</td></tr><tr class="skippedeven"><td><a href="#m64">paymentOrderHistoryLinePrice</a></td><td rowspan="1">1574682702454</td><td rowspan="1">0</td></tr><tr class="skippedeven"><td><a href="#m65">paymentOrderHistoryPage</a></td><td rowspan="1">1574682702452</td><td rowspan="1">0</td></tr><tr class="skippedeven"><td><a href="#m66">paymentOrderHistoryProductDescription</a></td><td rowspan="1">1574682702453</td><td rowspan="1">0</td></tr><tr class="skippedeven"><td><a href="#m67">paymentOrderHistoryProductName</a></td><td rowspan="1">1574682702453</td><td rowspan="1">0</td></tr><tr class="skippedeven"><td><a href="#m68">paymentOrderHistoryQuantity</a></td><td rowspan="1">1574682702454</td><td rowspan="1">0</td></tr><tr class="skippedeven"><td><a href="#m69">paymentOrderHistoryTotal</a></td><td rowspan="1">1574682702454</td><td rowspan="1">1</td></tr><tr class="skippedeven"><td><a href="#m70">paymentOrderHistoryUnitPrice</a></td><td rowspan="1">1574682702453</td><td rowspan="1">0</td></tr><tr class="skippedeven"><td><a href="#m71">ppConfirmPageSummaryAmount</a></td><td rowspan="1">1574682702450</td><td rowspan="1">0</td></tr><tr class="skippedeven"><td><a href="#m72">ppConfirmPageSummaryTotal</a></td><td rowspan="1">1574682702451</td><td rowspan="1">0</td></tr><tr class="skippedeven"><td><a href="#m73">ppConfirmPayment</a></td><td rowspan="1">1574682702451</td><td rowspan="1">0</td></tr><tr class="skippedeven"><td><a href="#m74">ppLoginPageSummaryAmount</a></td><td rowspan="1">1574682702449</td><td rowspan="1">0</td></tr><tr class="skippedeven"><td><a href="#m75">ppLoginPageSummaryTotal</a></td><td rowspan="1">1574682702450</td><td rowspan="1">0</td></tr><tr class="skippedeven"><td><a href="#m76">reviewOrderAdditionalFees</a></td><td rowspan="1">1574682702448</td><td rowspan="1">0</td></tr><tr class="skippedeven"><td><a href="#m77">reviewOrderAdditionalFeesTitle</a></td><td rowspan="1">1574682702446</td><td rowspan="1">0</td></tr><tr class="skippedeven"><td><a href="#m78">reviewOrderHeader</a></td><td rowspan="1">1574682702446</td><td rowspan="1">0</td></tr><tr class="skippedeven"><td><a href="#m79">reviewOrderInstitutionTitle</a></td><td rowspan="1">1574682702447</td><td rowspan="1">0</td></tr><tr class="skippedeven"><td><a href="#m80">reviewOrderLinePrice</a></td><td rowspan="1">1574682702447</td><td rowspan="1">0</td></tr><tr class="skippedeven"><td><a href="#m81">reviewOrderProductName</a></td><td rowspan="1">1574682702446</td><td rowspan="1">0</td></tr><tr class="skippedeven"><td><a href="#m82">reviewOrderProductUnitPrice</a></td><td rowspan="1">1574682702447</td><td rowspan="1">0</td></tr><tr class="skippedeven"><td><a href="#m83">reviewOrderSubTotal</a></td><td rowspan="1">1574682702448</td><td rowspan="1">0</td></tr><tr class="skippedeven"><td><a href="#m84">reviewOrderTotal</a></td><td rowspan="1">1574682702448</td><td rowspan="1">0</td></tr><tr class="skippedeven"><td><a href="#m85">selectCourse</a></td><td rowspan="1">1574682702441</td><td rowspan="1">0</td></tr><tr class="skippedeven"><td><a href="#m86">selectInstitution</a></td><td rowspan="1">1574682702441</td><td rowspan="1">0</td></tr><tr class="skippedeven"><td><a href="#m87">studentAccountAdditionalFee</a></td><td rowspan="1">1574682702457</td><td rowspan="1">0</td></tr><tr class="skippedeven"><td><a href="#m88">studentAccountAdditionalFeeName</a></td><td rowspan="1">1574682702457</td><td rowspan="1">0</td></tr><tr class="skippedeven"><td><a href="#m89">studentAccountAdditionalFeeTotal</a></td><td rowspan="1">1574682702458</td><td rowspan="1">0</td></tr><tr class="skippedeven"><td><a href="#m90">studentAccountCourseName</a></td><td rowspan="1">1574682702456</td><td rowspan="1">0</td></tr><tr class="skippedeven"><td><a href="#m91">studentAccountCoursePrice</a></td><td rowspan="1">1574682702457</td><td rowspan="1">0</td></tr><tr class="skippedeven"><td><a href="#m92">studentAccountFinishDate</a></td><td rowspan="1">1574682702457</td><td rowspan="1">0</td></tr><tr class="skippedeven"><td><a href="#m93">studentAccountPurchaseDate</a></td><td rowspan="1">1574682702455</td><td rowspan="1">0</td></tr><tr class="skippedeven"><td><a href="#m94">studentAccountStartDate</a></td><td rowspan="1">1574682702456</td><td rowspan="1">0</td></tr><tr class="skippedeven"><td><a href="#m95">studentLogin</a></td><td rowspan="1">1574682702440</td><td rowspan="1">0</td></tr><tr class="skippedeven"><td><a href="#m96">studentPayPalAccount</a></td><td rowspan="1">1574682702462</td><td rowspan="1">0</td></tr><tr class="skippedeven"><td><a href="#m97">studentPaymentStatus</a></td><td rowspan="1">1574682702462</td><td rowspan="1">0</td></tr><tr class="skippedeven"><td><a href="#m98">submitOrder</a></td><td rowspan="1">1574682702449</td><td rowspan="1">0</td></tr><tr class="skippedeven"><td><a href="#m99">unipupilPayPalAccount</a></td><td rowspan="1">1574682702462</td><td rowspan="1">0</td></tr></tbody>
</table>
<h2>Command line test</h2><h3 id="m0">Unipupil.UniMavenTests.Chrome77BuyCourseAddFeesAgentDomesticIndivCommFullPaymentTest#setup</h3><table class="result"><tr><th>Exception</th></tr><tr><td><div class="stacktrace">org.openqa.selenium.WebDriverException: chrome not reachable
  (Session info: chrome=78.0.3904.108)
Build info: version: &apos;3.141.59&apos;, revision: &apos;e82be7d358&apos;, time: &apos;2018-11-14T08:17:03&apos;
System info: host: &apos;LAPTOP-G420SG1V&apos;, ip: &apos;192.168.56.1&apos;, os.name: &apos;Windows 10&apos;, os.arch: &apos;amd64&apos;, os.version: &apos;10.0&apos;, java.version: &apos;1.8.0_201&apos;
Driver info: org.openqa.selenium.chrome.ChromeDriver
Capabilities {acceptInsecureCerts: false, browserName: chrome, browserVersion: 78.0.3904.108, chrome: {chromedriverVersion: 78.0.3904.70 (edb9c9f3de024..., userDataDir: C:\Users\Ankita\AppData\Loc...}, goog:chromeOptions: {debuggerAddress: localhost:4892}, javascriptEnabled: true, networkConnectionEnabled: false, pageLoadStrategy: normal, platform: XP, platformName: XP, proxy: Proxy(), setWindowRect: true, strictFileInteractability: false, timeouts: {implicit: 0, pageLoad: 300000, script: 30000}, unhandledPromptBehavior: dismiss and notify}
Session ID: 67c8116081aad3310c3a14af77a90b15
	at org.openqa.selenium.remote.http.W3CHttpResponseCodec.createException(W3CHttpResponseCodec.java:187)
	at org.openqa.selenium.remote.http.W3CHttpResponseCodec.decode(W3CHttpResponseCodec.java:122)
	at org.openqa.selenium.remote.http.W3CHttpResponseCodec.decode(W3CHttpResponseCodec.java:49)
	at org.openqa.selenium.remote.HttpCommandExecutor.execute(HttpCommandExecutor.java:158)
	at org.openqa.selenium.remote.service.DriverCommandExecutor.execute(DriverCommandExecutor.java:83)
	at org.openqa.selenium.remote.RemoteWebDriver.execute(RemoteWebDriver.java:552)
	at org.openqa.selenium.remote.RemoteWebDriver.execute(RemoteWebDriver.java:609)
	at org.openqa.selenium.remote.RemoteWebDriver$RemoteWebDriverOptions$RemoteWindow.maximize(RemoteWebDriver.java:837)
	at Unipupil.UniMavenTests.Chrome77BuyCourseAddFeesAgentDomesticIndivCommFullPaymentTest.setup(Chrome77BuyCourseAddFeesAgentDomesticIndivCommFullPaymentTest.java:338)
... Removed 37 stack frames</div></td></tr></table><p class="totop"><a href="#summary">back to summary</a></p>
<h3 id="m1">Unipupil.UniMavenTests.Chrome77BuyCourseAddFeesAgentDomesticIndivCommFullPaymentTest#shutdown</h3><table class="result"><tr><th class="invisible"/></tr></table><p class="totop"><a href="#summary">back to summary</a></p>
<h3 id="m2">Unipupil.UniMavenTests.Chrome77BuyCourseAddFeesAgentDomesticIndivCommFullPaymentTest#addCourseToCart</h3><table class="result"><tr><th>Exception</th></tr><tr><td><div class="stacktrace">java.lang.Throwable: Method Chrome77BuyCourseAddFeesAgentDomesticIndivCommFullPaymentTest.addCourseToCart()[pri:0, instance:Unipupil.UniMavenTests.Chrome77BuyCourseAddFeesAgentDomesticIndivCommFullPaymentTest@5dfcfece] depends on not successfully finished methods
... Removed 27 stack frames</div></td></tr></table><p class="totop"><a href="#summary">back to summary</a></p>
<h3 id="m3">Unipupil.UniMavenTests.Chrome77BuyCourseAddFeesAgentDomesticIndivCommFullPaymentTest#adminLogin</h3><table class="result"><tr><th>Exception</th></tr><tr><td><div class="stacktrace">java.lang.Throwable: Method Chrome77BuyCourseAddFeesAgentDomesticIndivCommFullPaymentTest.adminLogin()[pri:0, instance:Unipupil.UniMavenTests.Chrome77BuyCourseAddFeesAgentDomesticIndivCommFullPaymentTest@5dfcfece] depends on not successfully finished methods
... Removed 27 stack frames</div></td></tr></table><p class="totop"><a href="#summary">back to summary</a></p>
<h3 id="m4">Unipupil.UniMavenTests.Chrome77BuyCourseAddFeesAgentDomesticIndivCommFullPaymentTest#agentAccountDisplayedTotalCommissionPercent</h3><table class="result"><tr><th>Exception</th></tr><tr><td><div class="stacktrace">java.lang.Throwable: Method Chrome77BuyCourseAddFeesAgentDomesticIndivCommFullPaymentTest.agentAccountDisplayedTotalCommissionPercent()[pri:0, instance:Unipupil.UniMavenTests.Chrome77BuyCourseAddFeesAgentDomesticIndivCommFullPaymentTest@5dfcfece] depends on not successfully finished methods
... Removed 27 stack frames</div></td></tr></table><p class="totop"><a href="#summary">back to summary</a></p>
<h3 id="m5">Unipupil.UniMavenTests.Chrome77BuyCourseAddFeesAgentDomesticIndivCommFullPaymentTest#agentAccountPurchaseDate</h3><table class="result"><tr><th>Exception</th></tr><tr><td><div class="stacktrace">java.lang.Throwable: Method Chrome77BuyCourseAddFeesAgentDomesticIndivCommFullPaymentTest.agentAccountPurchaseDate()[pri:0, instance:Unipupil.UniMavenTests.Chrome77BuyCourseAddFeesAgentDomesticIndivCommFullPaymentTest@5dfcfece] depends on not successfully finished methods
... Removed 27 stack frames</div></td></tr></table><p class="totop"><a href="#summary">back to summary</a></p>
<h3 id="m6">Unipupil.UniMavenTests.Chrome77BuyCourseAddFeesAgentDomesticIndivCommFullPaymentTest#agentAccountTotalPaid</h3><table class="result"><tr><th>Exception</th></tr><tr><td><div class="stacktrace">java.lang.Throwable: Method Chrome77BuyCourseAddFeesAgentDomesticIndivCommFullPaymentTest.agentAccountTotalPaid()[pri:0, instance:Unipupil.UniMavenTests.Chrome77BuyCourseAddFeesAgentDomesticIndivCommFullPaymentTest@5dfcfece] depends on not successfully finished methods
... Removed 27 stack frames</div></td></tr></table><p class="totop"><a href="#summary">back to summary</a></p>
<h3 id="m7">Unipupil.UniMavenTests.Chrome77BuyCourseAddFeesAgentDomesticIndivCommFullPaymentTest#agentAccountTotalPrice</h3><table class="result"><tr><th>Exception</th></tr><tr><td><div class="stacktrace">java.lang.Throwable: Method Chrome77BuyCourseAddFeesAgentDomesticIndivCommFullPaymentTest.agentAccountTotalPrice()[pri:0, instance:Unipupil.UniMavenTests.Chrome77BuyCourseAddFeesAgentDomesticIndivCommFullPaymentTest@5dfcfece] depends on not successfully finished methods
... Removed 27 stack frames</div></td></tr></table><p class="totop"><a href="#summary">back to summary</a></p>
<h3 id="m8">Unipupil.UniMavenTests.Chrome77BuyCourseAddFeesAgentDomesticIndivCommFullPaymentTest#agentAccountTotalRevenue</h3><table class="result"><tr><th>Exception</th></tr><tr><td><div class="stacktrace">java.lang.Throwable: Method Chrome77BuyCourseAddFeesAgentDomesticIndivCommFullPaymentTest.agentAccountTotalRevenue()[pri:0, instance:Unipupil.UniMavenTests.Chrome77BuyCourseAddFeesAgentDomesticIndivCommFullPaymentTest@5dfcfece] depends on not successfully finished methods
... Removed 27 stack frames</div></td></tr></table><p class="totop"><a href="#summary">back to summary</a></p>
<h3 id="m9">Unipupil.UniMavenTests.Chrome77BuyCourseAddFeesAgentDomesticIndivCommFullPaymentTest#agentLogin</h3><table class="result"><tr><th>Exception</th></tr><tr><td><div class="stacktrace">java.lang.Throwable: Method Chrome77BuyCourseAddFeesAgentDomesticIndivCommFullPaymentTest.agentLogin()[pri:0, instance:Unipupil.UniMavenTests.Chrome77BuyCourseAddFeesAgentDomesticIndivCommFullPaymentTest@5dfcfece] depends on not successfully finished methods
... Removed 27 stack frames</div></td></tr></table><p class="totop"><a href="#summary">back to summary</a></p>
<h3 id="m10">Unipupil.UniMavenTests.Chrome77BuyCourseAddFeesAgentDomesticIndivCommFullPaymentTest#agentPayPalAccount</h3><table class="result"><tr><th>Exception</th></tr><tr><td><div class="stacktrace">java.lang.Throwable: Method Chrome77BuyCourseAddFeesAgentDomesticIndivCommFullPaymentTest.agentPayPalAccount()[pri:0, instance:Unipupil.UniMavenTests.Chrome77BuyCourseAddFeesAgentDomesticIndivCommFullPaymentTest@5dfcfece] depends on not successfully finished methods
... Removed 27 stack frames</div></td></tr></table><p class="totop"><a href="#summary">back to summary</a></p>
<h3 id="m11">Unipupil.UniMavenTests.Chrome77BuyCourseAddFeesAgentDomesticIndivCommFullPaymentTest#aggregateFeesEqualReviewOrderSubTotal</h3><table class="result"><tr><th>Exception</th></tr><tr><td><div class="stacktrace">java.lang.Throwable: Method Chrome77BuyCourseAddFeesAgentDomesticIndivCommFullPaymentTest.aggregateFeesEqualReviewOrderSubTotal()[pri:0, instance:Unipupil.UniMavenTests.Chrome77BuyCourseAddFeesAgentDomesticIndivCommFullPaymentTest@5dfcfece] depends on not successfully finished methods
... Removed 27 stack frames</div></td></tr></table><p class="totop"><a href="#summary">back to summary</a></p>
<h3 id="m12">Unipupil.UniMavenTests.Chrome77BuyCourseAddFeesAgentDomesticIndivCommFullPaymentTest#agreeCookiePolicy</h3><table class="result"><tr><th>Exception</th></tr><tr><td><div class="stacktrace">java.lang.Throwable: Method Chrome77BuyCourseAddFeesAgentDomesticIndivCommFullPaymentTest.agreeCookiePolicy()[pri:0, instance:Unipupil.UniMavenTests.Chrome77BuyCourseAddFeesAgentDomesticIndivCommFullPaymentTest@5dfcfece] depends on not successfully finished methods
... Removed 27 stack frames</div></td></tr></table><p class="totop"><a href="#summary">back to summary</a></p>
<h3 id="m13">Unipupil.UniMavenTests.Chrome77BuyCourseAddFeesAgentDomesticIndivCommFullPaymentTest#cartAdditionalFees</h3><table class="result"><tr><th>Exception</th></tr><tr><td><div class="stacktrace">java.lang.Throwable: Method Chrome77BuyCourseAddFeesAgentDomesticIndivCommFullPaymentTest.cartAdditionalFees()[pri:0, instance:Unipupil.UniMavenTests.Chrome77BuyCourseAddFeesAgentDomesticIndivCommFullPaymentTest@5dfcfece] depends on not successfully finished methods
... Removed 27 stack frames</div></td></tr></table><p class="totop"><a href="#summary">back to summary</a></p>
<h3 id="m14">Unipupil.UniMavenTests.Chrome77BuyCourseAddFeesAgentDomesticIndivCommFullPaymentTest#cartAdditionalFeesTitle</h3><table class="result"><tr><th>Exception</th></tr><tr><td><div class="stacktrace">java.lang.Throwable: Method Chrome77BuyCourseAddFeesAgentDomesticIndivCommFullPaymentTest.cartAdditionalFeesTitle()[pri:0, instance:Unipupil.UniMavenTests.Chrome77BuyCourseAddFeesAgentDomesticIndivCommFullPaymentTest@5dfcfece] depends on not successfully finished methods
... Removed 27 stack frames</div></td></tr></table><p class="totop"><a href="#summary">back to summary</a></p>
<h3 id="m15">Unipupil.UniMavenTests.Chrome77BuyCourseAddFeesAgentDomesticIndivCommFullPaymentTest#cartLinePrice</h3><table class="result"><tr><th>Exception</th></tr><tr><td><div class="stacktrace">java.lang.Throwable: Method Chrome77BuyCourseAddFeesAgentDomesticIndivCommFullPaymentTest.cartLinePrice()[pri:0, instance:Unipupil.UniMavenTests.Chrome77BuyCourseAddFeesAgentDomesticIndivCommFullPaymentTest@5dfcfece] depends on not successfully finished methods
... Removed 27 stack frames</div></td></tr></table><p class="totop"><a href="#summary">back to summary</a></p>
<h3 id="m16">Unipupil.UniMavenTests.Chrome77BuyCourseAddFeesAgentDomesticIndivCommFullPaymentTest#cartProductName</h3><table class="result"><tr><th>Exception</th></tr><tr><td><div class="stacktrace">java.lang.Throwable: Method Chrome77BuyCourseAddFeesAgentDomesticIndivCommFullPaymentTest.cartProductName()[pri:0, instance:Unipupil.UniMavenTests.Chrome77BuyCourseAddFeesAgentDomesticIndivCommFullPaymentTest@5dfcfece] depends on not successfully finished methods
... Removed 27 stack frames</div></td></tr></table><p class="totop"><a href="#summary">back to summary</a></p>
<h3 id="m17">Unipupil.UniMavenTests.Chrome77BuyCourseAddFeesAgentDomesticIndivCommFullPaymentTest#cartProductUnitPrice</h3><table class="result"><tr><th>Exception</th></tr><tr><td><div class="stacktrace">java.lang.Throwable: Method Chrome77BuyCourseAddFeesAgentDomesticIndivCommFullPaymentTest.cartProductUnitPrice()[pri:0, instance:Unipupil.UniMavenTests.Chrome77BuyCourseAddFeesAgentDomesticIndivCommFullPaymentTest@5dfcfece] depends on not successfully finished methods
... Removed 27 stack frames</div></td></tr></table><p class="totop"><a href="#summary">back to summary</a></p>
<h3 id="m18">Unipupil.UniMavenTests.Chrome77BuyCourseAddFeesAgentDomesticIndivCommFullPaymentTest#checkAggregateFeesEqualCartSubtotal</h3><table class="result"><tr><th>Exception</th></tr><tr><td><div class="stacktrace">java.lang.Throwable: Method Chrome77BuyCourseAddFeesAgentDomesticIndivCommFullPaymentTest.checkAggregateFeesEqualCartSubtotal()[pri:0, instance:Unipupil.UniMavenTests.Chrome77BuyCourseAddFeesAgentDomesticIndivCommFullPaymentTest@5dfcfece] depends on not successfully finished methods
... Removed 27 stack frames</div></td></tr></table><p class="totop"><a href="#summary">back to summary</a></p>
<h3 id="m19">Unipupil.UniMavenTests.Chrome77BuyCourseAddFeesAgentDomesticIndivCommFullPaymentTest#checkAggregateFeesEqualCheckoutTotal</h3><table class="result"><tr><th>Exception</th></tr><tr><td><div class="stacktrace">java.lang.Throwable: Method Chrome77BuyCourseAddFeesAgentDomesticIndivCommFullPaymentTest.checkAggregateFeesEqualCheckoutTotal()[pri:0, instance:Unipupil.UniMavenTests.Chrome77BuyCourseAddFeesAgentDomesticIndivCommFullPaymentTest@5dfcfece] depends on not successfully finished methods
... Removed 27 stack frames</div></td></tr></table><p class="totop"><a href="#summary">back to summary</a></p>
<h3 id="m20">Unipupil.UniMavenTests.Chrome77BuyCourseAddFeesAgentDomesticIndivCommFullPaymentTest#checkAggregateFeesEqualPaymentOrderHistoryTotal</h3><table class="result"><tr><th>Exception</th></tr><tr><td><div class="stacktrace">java.lang.Throwable: Method Chrome77BuyCourseAddFeesAgentDomesticIndivCommFullPaymentTest.checkAggregateFeesEqualPaymentOrderHistoryTotal()[pri:0, instance:Unipupil.UniMavenTests.Chrome77BuyCourseAddFeesAgentDomesticIndivCommFullPaymentTest@5dfcfece] depends on not successfully finished methods
... Removed 27 stack frames</div></td></tr></table><p class="totop"><a href="#summary">back to summary</a></p>
<h3 id="m21">Unipupil.UniMavenTests.Chrome77BuyCourseAddFeesAgentDomesticIndivCommFullPaymentTest#checkCartSubTotalAgainstGrossFees</h3><table class="result"><tr><th>Exception</th></tr><tr><td><div class="stacktrace">java.lang.Throwable: Method Chrome77BuyCourseAddFeesAgentDomesticIndivCommFullPaymentTest.checkCartSubTotalAgainstGrossFees()[pri:0, instance:Unipupil.UniMavenTests.Chrome77BuyCourseAddFeesAgentDomesticIndivCommFullPaymentTest@5dfcfece] depends on not successfully finished methods
... Removed 27 stack frames</div></td></tr></table><p class="totop"><a href="#summary">back to summary</a></p>
<h3 id="m22">Unipupil.UniMavenTests.Chrome77BuyCourseAddFeesAgentDomesticIndivCommFullPaymentTest#checkInstitutionAccount</h3><table class="result"><tr><th>Exception</th></tr><tr><td><div class="stacktrace">java.lang.Throwable: Method Chrome77BuyCourseAddFeesAgentDomesticIndivCommFullPaymentTest.checkInstitutionAccount()[pri:0, instance:Unipupil.UniMavenTests.Chrome77BuyCourseAddFeesAgentDomesticIndivCommFullPaymentTest@5dfcfece] depends on not successfully finished methods
... Removed 27 stack frames</div></td></tr></table><p class="totop"><a href="#summary">back to summary</a></p>
<h3 id="m23">Unipupil.UniMavenTests.Chrome77BuyCourseAddFeesAgentDomesticIndivCommFullPaymentTest#checkoutAdditionalFees</h3><table class="result"><tr><th>Exception</th></tr><tr><td><div class="stacktrace">java.lang.Throwable: Method Chrome77BuyCourseAddFeesAgentDomesticIndivCommFullPaymentTest.checkoutAdditionalFees()[pri:0, instance:Unipupil.UniMavenTests.Chrome77BuyCourseAddFeesAgentDomesticIndivCommFullPaymentTest@5dfcfece] depends on not successfully finished methods
... Removed 27 stack frames</div></td></tr></table><p class="totop"><a href="#summary">back to summary</a></p>
<h3 id="m24">Unipupil.UniMavenTests.Chrome77BuyCourseAddFeesAgentDomesticIndivCommFullPaymentTest#checkoutAdditionalFeesTitle</h3><table class="result"><tr><th>Exception</th></tr><tr><td><div class="stacktrace">java.lang.Throwable: Method Chrome77BuyCourseAddFeesAgentDomesticIndivCommFullPaymentTest.checkoutAdditionalFeesTitle()[pri:0, instance:Unipupil.UniMavenTests.Chrome77BuyCourseAddFeesAgentDomesticIndivCommFullPaymentTest@5dfcfece] depends on not successfully finished methods
... Removed 27 stack frames</div></td></tr></table><p class="totop"><a href="#summary">back to summary</a></p>
<h3 id="m25">Unipupil.UniMavenTests.Chrome77BuyCourseAddFeesAgentDomesticIndivCommFullPaymentTest#checkoutInstitutionTitle</h3><table class="result"><tr><th>Exception</th></tr><tr><td><div class="stacktrace">java.lang.Throwable: Method Chrome77BuyCourseAddFeesAgentDomesticIndivCommFullPaymentTest.checkoutInstitutionTitle()[pri:0, instance:Unipupil.UniMavenTests.Chrome77BuyCourseAddFeesAgentDomesticIndivCommFullPaymentTest@5dfcfece] depends on not successfully finished methods
... Removed 27 stack frames</div></td></tr></table><p class="totop"><a href="#summary">back to summary</a></p>
<h3 id="m26">Unipupil.UniMavenTests.Chrome77BuyCourseAddFeesAgentDomesticIndivCommFullPaymentTest#checkoutLinePrice</h3><table class="result"><tr><th>Exception</th></tr><tr><td><div class="stacktrace">java.lang.Throwable: Method Chrome77BuyCourseAddFeesAgentDomesticIndivCommFullPaymentTest.checkoutLinePrice()[pri:0, instance:Unipupil.UniMavenTests.Chrome77BuyCourseAddFeesAgentDomesticIndivCommFullPaymentTest@5dfcfece] depends on not successfully finished methods
... Removed 27 stack frames</div></td></tr></table><p class="totop"><a href="#summary">back to summary</a></p>
<h3 id="m27">Unipupil.UniMavenTests.Chrome77BuyCourseAddFeesAgentDomesticIndivCommFullPaymentTest#checkoutLineProductName</h3><table class="result"><tr><th>Exception</th></tr><tr><td><div class="stacktrace">java.lang.Throwable: Method Chrome77BuyCourseAddFeesAgentDomesticIndivCommFullPaymentTest.checkoutLineProductName()[pri:0, instance:Unipupil.UniMavenTests.Chrome77BuyCourseAddFeesAgentDomesticIndivCommFullPaymentTest@5dfcfece] depends on not successfully finished methods
... Removed 27 stack frames</div></td></tr></table><p class="totop"><a href="#summary">back to summary</a></p>
<h3 id="m28">Unipupil.UniMavenTests.Chrome77BuyCourseAddFeesAgentDomesticIndivCommFullPaymentTest#checkoutProductUnitPrice</h3><table class="result"><tr><th>Exception</th></tr><tr><td><div class="stacktrace">java.lang.Throwable: Method Chrome77BuyCourseAddFeesAgentDomesticIndivCommFullPaymentTest.checkoutProductUnitPrice()[pri:0, instance:Unipupil.UniMavenTests.Chrome77BuyCourseAddFeesAgentDomesticIndivCommFullPaymentTest@5dfcfece] depends on not successfully finished methods
... Removed 27 stack frames</div></td></tr></table><p class="totop"><a href="#summary">back to summary</a></p>
<h3 id="m29">Unipupil.UniMavenTests.Chrome77BuyCourseAddFeesAgentDomesticIndivCommFullPaymentTest#checkoutTotal</h3><table class="result"><tr><th>Exception</th></tr><tr><td><div class="stacktrace">java.lang.Throwable: Method Chrome77BuyCourseAddFeesAgentDomesticIndivCommFullPaymentTest.checkoutTotal()[pri:0, instance:Unipupil.UniMavenTests.Chrome77BuyCourseAddFeesAgentDomesticIndivCommFullPaymentTest@5dfcfece] depends on not successfully finished methods
... Removed 27 stack frames</div></td></tr></table><p class="totop"><a href="#summary">back to summary</a></p>
<h3 id="m30">Unipupil.UniMavenTests.Chrome77BuyCourseAddFeesAgentDomesticIndivCommFullPaymentTest#completeOrderPageMessage</h3><table class="result"><tr><th>Exception</th></tr><tr><td><div class="stacktrace">java.lang.Throwable: Method Chrome77BuyCourseAddFeesAgentDomesticIndivCommFullPaymentTest.completeOrderPageMessage()[pri:0, instance:Unipupil.UniMavenTests.Chrome77BuyCourseAddFeesAgentDomesticIndivCommFullPaymentTest@5dfcfece] depends on not successfully finished methods
... Removed 27 stack frames</div></td></tr></table><p class="totop"><a href="#summary">back to summary</a></p>
<h3 id="m31">Unipupil.UniMavenTests.Chrome77BuyCourseAddFeesAgentDomesticIndivCommFullPaymentTest#completeOrderTitle</h3><table class="result"><tr><th>Exception</th></tr><tr><td><div class="stacktrace">java.lang.Throwable: Method Chrome77BuyCourseAddFeesAgentDomesticIndivCommFullPaymentTest.completeOrderTitle()[pri:0, instance:Unipupil.UniMavenTests.Chrome77BuyCourseAddFeesAgentDomesticIndivCommFullPaymentTest@5dfcfece] depends on not successfully finished methods
... Removed 27 stack frames</div></td></tr></table><p class="totop"><a href="#summary">back to summary</a></p>
<h3 id="m32">Unipupil.UniMavenTests.Chrome77BuyCourseAddFeesAgentDomesticIndivCommFullPaymentTest#eduInstitutionPayPalAccountAgentCommission</h3><table class="result"><tr><th>Exception</th></tr><tr><td><div class="stacktrace">java.lang.Throwable: Method Chrome77BuyCourseAddFeesAgentDomesticIndivCommFullPaymentTest.eduInstitutionPayPalAccountAgentCommission()[pri:0, instance:Unipupil.UniMavenTests.Chrome77BuyCourseAddFeesAgentDomesticIndivCommFullPaymentTest@5dfcfece] depends on not successfully finished methods
... Removed 27 stack frames</div></td></tr></table><p class="totop"><a href="#summary">back to summary</a></p>
<h3 id="m33">Unipupil.UniMavenTests.Chrome77BuyCourseAddFeesAgentDomesticIndivCommFullPaymentTest#eduInstitutionPayPalAccountGrossFees</h3><table class="result"><tr><th>Exception</th></tr><tr><td><div class="stacktrace">java.lang.Throwable: Method Chrome77BuyCourseAddFeesAgentDomesticIndivCommFullPaymentTest.eduInstitutionPayPalAccountGrossFees()[pri:0, instance:Unipupil.UniMavenTests.Chrome77BuyCourseAddFeesAgentDomesticIndivCommFullPaymentTest@5dfcfece] depends on not successfully finished methods
... Removed 27 stack frames</div></td></tr></table><p class="totop"><a href="#summary">back to summary</a></p>
<h3 id="m34">Unipupil.UniMavenTests.Chrome77BuyCourseAddFeesAgentDomesticIndivCommFullPaymentTest#eduInstitutionPayPalAccountUnipupilCommission</h3><table class="result"><tr><th>Exception</th></tr><tr><td><div class="stacktrace">java.lang.Throwable: Method Chrome77BuyCourseAddFeesAgentDomesticIndivCommFullPaymentTest.eduInstitutionPayPalAccountUnipupilCommission()[pri:0, instance:Unipupil.UniMavenTests.Chrome77BuyCourseAddFeesAgentDomesticIndivCommFullPaymentTest@5dfcfece] depends on not successfully finished methods
... Removed 27 stack frames</div></td></tr></table><p class="totop"><a href="#summary">back to summary</a></p>
<h3 id="m35">Unipupil.UniMavenTests.Chrome77BuyCourseAddFeesAgentDomesticIndivCommFullPaymentTest#eduInstitutionPaymentStatus</h3><table class="result"><tr><th>Exception</th></tr><tr><td><div class="stacktrace">java.lang.Throwable: Method Chrome77BuyCourseAddFeesAgentDomesticIndivCommFullPaymentTest.eduInstitutionPaymentStatus()[pri:0, instance:Unipupil.UniMavenTests.Chrome77BuyCourseAddFeesAgentDomesticIndivCommFullPaymentTest@5dfcfece] depends on not successfully finished methods
... Removed 27 stack frames</div></td></tr></table><p class="totop"><a href="#summary">back to summary</a></p>
<h3 id="m36">Unipupil.UniMavenTests.Chrome77BuyCourseAddFeesAgentDomesticIndivCommFullPaymentTest#enterAddressAndContinue</h3><table class="result"><tr><th>Exception</th></tr><tr><td><div class="stacktrace">java.lang.Throwable: Method Chrome77BuyCourseAddFeesAgentDomesticIndivCommFullPaymentTest.enterAddressAndContinue()[pri:0, instance:Unipupil.UniMavenTests.Chrome77BuyCourseAddFeesAgentDomesticIndivCommFullPaymentTest@5dfcfece] depends on not successfully finished methods
... Removed 27 stack frames</div></td></tr></table><p class="totop"><a href="#summary">back to summary</a></p>
<h3 id="m37">Unipupil.UniMavenTests.Chrome77BuyCourseAddFeesAgentDomesticIndivCommFullPaymentTest#enterInstitutionLoginDetails</h3><table class="result"><tr><th>Exception</th></tr><tr><td><div class="stacktrace">java.lang.Throwable: Method Chrome77BuyCourseAddFeesAgentDomesticIndivCommFullPaymentTest.enterInstitutionLoginDetails()[pri:0, instance:Unipupil.UniMavenTests.Chrome77BuyCourseAddFeesAgentDomesticIndivCommFullPaymentTest@5dfcfece] depends on not successfully finished methods
... Removed 27 stack frames</div></td></tr></table><p class="totop"><a href="#summary">back to summary</a></p>
<h3 id="m38">Unipupil.UniMavenTests.Chrome77BuyCourseAddFeesAgentDomesticIndivCommFullPaymentTest#enterStudentLoginDetails</h3><table class="result"><tr><th>Exception</th></tr><tr><td><div class="stacktrace">java.lang.Throwable: Method Chrome77BuyCourseAddFeesAgentDomesticIndivCommFullPaymentTest.enterStudentLoginDetails()[pri:0, instance:Unipupil.UniMavenTests.Chrome77BuyCourseAddFeesAgentDomesticIndivCommFullPaymentTest@5dfcfece] depends on not successfully finished methods
... Removed 27 stack frames</div></td></tr></table><p class="totop"><a href="#summary">back to summary</a></p>
<h3 id="m39">Unipupil.UniMavenTests.Chrome77BuyCourseAddFeesAgentDomesticIndivCommFullPaymentTest#findInstitution</h3><table class="result"><tr><th>Exception</th></tr><tr><td><div class="stacktrace">java.lang.Throwable: Method Chrome77BuyCourseAddFeesAgentDomesticIndivCommFullPaymentTest.findInstitution()[pri:0, instance:Unipupil.UniMavenTests.Chrome77BuyCourseAddFeesAgentDomesticIndivCommFullPaymentTest@5dfcfece] depends on not successfully finished methods
... Removed 27 stack frames</div></td></tr></table><p class="totop"><a href="#summary">back to summary</a></p>
<h3 id="m40">Unipupil.UniMavenTests.Chrome77BuyCourseAddFeesAgentDomesticIndivCommFullPaymentTest#getCommissionPercentages</h3><table class="result"><tr><th>Exception</th></tr><tr><td><div class="stacktrace">java.lang.Throwable: Method Chrome77BuyCourseAddFeesAgentDomesticIndivCommFullPaymentTest.getCommissionPercentages()[pri:0, instance:Unipupil.UniMavenTests.Chrome77BuyCourseAddFeesAgentDomesticIndivCommFullPaymentTest@5dfcfece] depends on not successfully finished methods
... Removed 27 stack frames</div></td></tr></table><p class="totop"><a href="#summary">back to summary</a></p>
<h3 id="m41">Unipupil.UniMavenTests.Chrome77BuyCourseAddFeesAgentDomesticIndivCommFullPaymentTest#getCourseFees</h3><table class="result"><tr><th>Exception</th></tr><tr><td><div class="stacktrace">java.lang.Throwable: Method Chrome77BuyCourseAddFeesAgentDomesticIndivCommFullPaymentTest.getCourseFees()[pri:0, instance:Unipupil.UniMavenTests.Chrome77BuyCourseAddFeesAgentDomesticIndivCommFullPaymentTest@5dfcfece] depends on not successfully finished methods
... Removed 27 stack frames</div></td></tr></table><p class="totop"><a href="#summary">back to summary</a></p>
<h3 id="m42">Unipupil.UniMavenTests.Chrome77BuyCourseAddFeesAgentDomesticIndivCommFullPaymentTest#getCourseList</h3><table class="result"><tr><th>Exception</th></tr><tr><td><div class="stacktrace">java.lang.Throwable: Method Chrome77BuyCourseAddFeesAgentDomesticIndivCommFullPaymentTest.getCourseList()[pri:0, instance:Unipupil.UniMavenTests.Chrome77BuyCourseAddFeesAgentDomesticIndivCommFullPaymentTest@5dfcfece] depends on not successfully finished methods
... Removed 27 stack frames</div></td></tr></table><p class="totop"><a href="#summary">back to summary</a></p>
<h3 id="m43">Unipupil.UniMavenTests.Chrome77BuyCourseAddFeesAgentDomesticIndivCommFullPaymentTest#goToCheckout</h3><table class="result"><tr><th>Exception</th></tr><tr><td><div class="stacktrace">java.lang.Throwable: Method Chrome77BuyCourseAddFeesAgentDomesticIndivCommFullPaymentTest.goToCheckout()[pri:0, instance:Unipupil.UniMavenTests.Chrome77BuyCourseAddFeesAgentDomesticIndivCommFullPaymentTest@5dfcfece] depends on not successfully finished methods
... Removed 27 stack frames</div></td></tr></table><p class="totop"><a href="#summary">back to summary</a></p>
<h3 id="m44">Unipupil.UniMavenTests.Chrome77BuyCourseAddFeesAgentDomesticIndivCommFullPaymentTest#goToCourseEditPage</h3><table class="result"><tr><th>Exception</th></tr><tr><td><div class="stacktrace">java.lang.Throwable: Method Chrome77BuyCourseAddFeesAgentDomesticIndivCommFullPaymentTest.goToCourseEditPage()[pri:0, instance:Unipupil.UniMavenTests.Chrome77BuyCourseAddFeesAgentDomesticIndivCommFullPaymentTest@5dfcfece] depends on not successfully finished methods
... Removed 27 stack frames</div></td></tr></table><p class="totop"><a href="#summary">back to summary</a></p>
<h3 id="m45">Unipupil.UniMavenTests.Chrome77BuyCourseAddFeesAgentDomesticIndivCommFullPaymentTest#goToHomepage</h3><table class="result"><tr><th>Exception</th></tr><tr><td><div class="stacktrace">org.openqa.selenium.WebDriverException: chrome not reachable
  (Session info: chrome=78.0.3904.108)
Build info: version: &apos;3.141.59&apos;, revision: &apos;e82be7d358&apos;, time: &apos;2018-11-14T08:17:03&apos;
System info: host: &apos;LAPTOP-G420SG1V&apos;, ip: &apos;192.168.56.1&apos;, os.name: &apos;Windows 10&apos;, os.arch: &apos;amd64&apos;, os.version: &apos;10.0&apos;, java.version: &apos;1.8.0_201&apos;
Driver info: org.openqa.selenium.chrome.ChromeDriver
Capabilities {acceptInsecureCerts: false, browserName: chrome, browserVersion: 78.0.3904.108, chrome: {chromedriverVersion: 78.0.3904.70 (edb9c9f3de024..., userDataDir: C:\Users\Ankita\AppData\Loc...}, goog:chromeOptions: {debuggerAddress: localhost:4892}, javascriptEnabled: true, networkConnectionEnabled: false, pageLoadStrategy: normal, platform: XP, platformName: XP, proxy: Proxy(), setWindowRect: true, strictFileInteractability: false, timeouts: {implicit: 0, pageLoad: 300000, script: 30000}, unhandledPromptBehavior: dismiss and notify}
Session ID: 67c8116081aad3310c3a14af77a90b15
	at org.openqa.selenium.remote.http.W3CHttpResponseCodec.createException(W3CHttpResponseCodec.java:187)
	at org.openqa.selenium.remote.http.W3CHttpResponseCodec.decode(W3CHttpResponseCodec.java:122)
	at org.openqa.selenium.remote.http.W3CHttpResponseCodec.decode(W3CHttpResponseCodec.java:49)
	at org.openqa.selenium.remote.HttpCommandExecutor.execute(HttpCommandExecutor.java:158)
	at org.openqa.selenium.remote.service.DriverCommandExecutor.execute(DriverCommandExecutor.java:83)
	at org.openqa.selenium.remote.RemoteWebDriver.execute(RemoteWebDriver.java:552)
	at org.openqa.selenium.remote.RemoteWebDriver.execute(RemoteWebDriver.java:609)
	at org.openqa.selenium.remote.RemoteWebDriver$RemoteWebDriverOptions$RemoteWindow.maximize(RemoteWebDriver.java:837)
	at Unipupil.UniMavenTests.Chrome77BuyCourseAddFeesAgentDomesticIndivCommFullPaymentTest.setup(Chrome77BuyCourseAddFeesAgentDomesticIndivCommFullPaymentTest.java:338)
... Removed 37 stack frames</div></td></tr></table><p class="totop"><a href="#summary">back to summary</a></p>
<h3 id="m46">Unipupil.UniMavenTests.Chrome77BuyCourseAddFeesAgentDomesticIndivCommFullPaymentTest#goToStudentAccount</h3><table class="result"><tr><th>Exception</th></tr><tr><td><div class="stacktrace">java.lang.Throwable: Method Chrome77BuyCourseAddFeesAgentDomesticIndivCommFullPaymentTest.goToStudentAccount()[pri:0, instance:Unipupil.UniMavenTests.Chrome77BuyCourseAddFeesAgentDomesticIndivCommFullPaymentTest@5dfcfece] depends on not successfully finished methods
... Removed 27 stack frames</div></td></tr></table><p class="totop"><a href="#summary">back to summary</a></p>
<h3 id="m47">Unipupil.UniMavenTests.Chrome77BuyCourseAddFeesAgentDomesticIndivCommFullPaymentTest#institutionAccountAdditionalFee</h3><table class="result"><tr><th>Exception</th></tr><tr><td><div class="stacktrace">java.lang.Throwable: Method Chrome77BuyCourseAddFeesAgentDomesticIndivCommFullPaymentTest.institutionAccountAdditionalFee()[pri:0, instance:Unipupil.UniMavenTests.Chrome77BuyCourseAddFeesAgentDomesticIndivCommFullPaymentTest@5dfcfece] depends on not successfully finished methods
... Removed 27 stack frames</div></td></tr></table><p class="totop"><a href="#summary">back to summary</a></p>
<h3 id="m48">Unipupil.UniMavenTests.Chrome77BuyCourseAddFeesAgentDomesticIndivCommFullPaymentTest#institutionAccountAdditionalFeeName</h3><table class="result"><tr><th>Exception</th></tr><tr><td><div class="stacktrace">java.lang.Throwable: Method Chrome77BuyCourseAddFeesAgentDomesticIndivCommFullPaymentTest.institutionAccountAdditionalFeeName()[pri:0, instance:Unipupil.UniMavenTests.Chrome77BuyCourseAddFeesAgentDomesticIndivCommFullPaymentTest@5dfcfece] depends on not successfully finished methods
... Removed 27 stack frames</div></td></tr></table><p class="totop"><a href="#summary">back to summary</a></p>
<h3 id="m49">Unipupil.UniMavenTests.Chrome77BuyCourseAddFeesAgentDomesticIndivCommFullPaymentTest#institutionAccountAdditionalFeeTotal</h3><table class="result"><tr><th>Exception</th></tr><tr><td><div class="stacktrace">java.lang.Throwable: Method Chrome77BuyCourseAddFeesAgentDomesticIndivCommFullPaymentTest.institutionAccountAdditionalFeeTotal()[pri:0, instance:Unipupil.UniMavenTests.Chrome77BuyCourseAddFeesAgentDomesticIndivCommFullPaymentTest@5dfcfece] depends on not successfully finished methods
... Removed 27 stack frames</div></td></tr></table><p class="totop"><a href="#summary">back to summary</a></p>
<h3 id="m50">Unipupil.UniMavenTests.Chrome77BuyCourseAddFeesAgentDomesticIndivCommFullPaymentTest#institutionAccountCoursePrice</h3><table class="result"><tr><th>Exception</th></tr><tr><td><div class="stacktrace">java.lang.Throwable: Method Chrome77BuyCourseAddFeesAgentDomesticIndivCommFullPaymentTest.institutionAccountCoursePrice()[pri:0, instance:Unipupil.UniMavenTests.Chrome77BuyCourseAddFeesAgentDomesticIndivCommFullPaymentTest@5dfcfece] depends on not successfully finished methods
... Removed 27 stack frames</div></td></tr></table><p class="totop"><a href="#summary">back to summary</a></p>
<h3 id="m51">Unipupil.UniMavenTests.Chrome77BuyCourseAddFeesAgentDomesticIndivCommFullPaymentTest#institutionAccountDisplayedAgentPercent</h3><table class="result"><tr><th>Exception</th></tr><tr><td><div class="stacktrace">java.lang.Throwable: Method Chrome77BuyCourseAddFeesAgentDomesticIndivCommFullPaymentTest.institutionAccountDisplayedAgentPercent()[pri:0, instance:Unipupil.UniMavenTests.Chrome77BuyCourseAddFeesAgentDomesticIndivCommFullPaymentTest@5dfcfece] depends on not successfully finished methods
... Removed 27 stack frames</div></td></tr></table><p class="totop"><a href="#summary">back to summary</a></p>
<h3 id="m52">Unipupil.UniMavenTests.Chrome77BuyCourseAddFeesAgentDomesticIndivCommFullPaymentTest#institutionAccountDisplayedInstitutionPercent</h3><table class="result"><tr><th>Exception</th></tr><tr><td><div class="stacktrace">java.lang.Throwable: Method Chrome77BuyCourseAddFeesAgentDomesticIndivCommFullPaymentTest.institutionAccountDisplayedInstitutionPercent()[pri:0, instance:Unipupil.UniMavenTests.Chrome77BuyCourseAddFeesAgentDomesticIndivCommFullPaymentTest@5dfcfece] depends on not successfully finished methods
... Removed 27 stack frames</div></td></tr></table><p class="totop"><a href="#summary">back to summary</a></p>
<h3 id="m53">Unipupil.UniMavenTests.Chrome77BuyCourseAddFeesAgentDomesticIndivCommFullPaymentTest#institutionAccountDisplayedTotalCommissionPercent</h3><table class="result"><tr><th>Exception</th></tr><tr><td><div class="stacktrace">java.lang.Throwable: Method Chrome77BuyCourseAddFeesAgentDomesticIndivCommFullPaymentTest.institutionAccountDisplayedTotalCommissionPercent()[pri:0, instance:Unipupil.UniMavenTests.Chrome77BuyCourseAddFeesAgentDomesticIndivCommFullPaymentTest@5dfcfece] depends on not successfully finished methods
... Removed 27 stack frames</div></td></tr></table><p class="totop"><a href="#summary">back to summary</a></p>
<h3 id="m54">Unipupil.UniMavenTests.Chrome77BuyCourseAddFeesAgentDomesticIndivCommFullPaymentTest#institutionAccountFinishDate</h3><table class="result"><tr><th>Exception</th></tr><tr><td><div class="stacktrace">java.lang.Throwable: Method Chrome77BuyCourseAddFeesAgentDomesticIndivCommFullPaymentTest.institutionAccountFinishDate()[pri:0, instance:Unipupil.UniMavenTests.Chrome77BuyCourseAddFeesAgentDomesticIndivCommFullPaymentTest@5dfcfece] depends on not successfully finished methods
... Removed 27 stack frames</div></td></tr></table><p class="totop"><a href="#summary">back to summary</a></p>
<h3 id="m55">Unipupil.UniMavenTests.Chrome77BuyCourseAddFeesAgentDomesticIndivCommFullPaymentTest#institutionAccountOverviewPage</h3><table class="result"><tr><th>Exception</th></tr><tr><td><div class="stacktrace">java.lang.Throwable: Method Chrome77BuyCourseAddFeesAgentDomesticIndivCommFullPaymentTest.institutionAccountOverviewPage()[pri:0, instance:Unipupil.UniMavenTests.Chrome77BuyCourseAddFeesAgentDomesticIndivCommFullPaymentTest@5dfcfece] depends on not successfully finished methods
... Removed 27 stack frames</div></td></tr></table><p class="totop"><a href="#summary">back to summary</a></p>
<h3 id="m56">Unipupil.UniMavenTests.Chrome77BuyCourseAddFeesAgentDomesticIndivCommFullPaymentTest#institutionAccountPurchaseDate</h3><table class="result"><tr><th>Exception</th></tr><tr><td><div class="stacktrace">java.lang.Throwable: Method Chrome77BuyCourseAddFeesAgentDomesticIndivCommFullPaymentTest.institutionAccountPurchaseDate()[pri:0, instance:Unipupil.UniMavenTests.Chrome77BuyCourseAddFeesAgentDomesticIndivCommFullPaymentTest@5dfcfece] depends on not successfully finished methods
... Removed 27 stack frames</div></td></tr></table><p class="totop"><a href="#summary">back to summary</a></p>
<h3 id="m57">Unipupil.UniMavenTests.Chrome77BuyCourseAddFeesAgentDomesticIndivCommFullPaymentTest#institutionAccountStartDate</h3><table class="result"><tr><th>Exception</th></tr><tr><td><div class="stacktrace">java.lang.Throwable: Method Chrome77BuyCourseAddFeesAgentDomesticIndivCommFullPaymentTest.institutionAccountStartDate()[pri:0, instance:Unipupil.UniMavenTests.Chrome77BuyCourseAddFeesAgentDomesticIndivCommFullPaymentTest@5dfcfece] depends on not successfully finished methods
... Removed 27 stack frames</div></td></tr></table><p class="totop"><a href="#summary">back to summary</a></p>
<h3 id="m58">Unipupil.UniMavenTests.Chrome77BuyCourseAddFeesAgentDomesticIndivCommFullPaymentTest#institutionAccountTotalPaid</h3><table class="result"><tr><th>Exception</th></tr><tr><td><div class="stacktrace">java.lang.Throwable: Method Chrome77BuyCourseAddFeesAgentDomesticIndivCommFullPaymentTest.institutionAccountTotalPaid()[pri:0, instance:Unipupil.UniMavenTests.Chrome77BuyCourseAddFeesAgentDomesticIndivCommFullPaymentTest@5dfcfece] depends on not successfully finished methods
... Removed 27 stack frames</div></td></tr></table><p class="totop"><a href="#summary">back to summary</a></p>
<h3 id="m59">Unipupil.UniMavenTests.Chrome77BuyCourseAddFeesAgentDomesticIndivCommFullPaymentTest#institutionLogin</h3><table class="result"><tr><th>Exception</th></tr><tr><td><div class="stacktrace">java.lang.Throwable: Method Chrome77BuyCourseAddFeesAgentDomesticIndivCommFullPaymentTest.institutionLogin()[pri:0, instance:Unipupil.UniMavenTests.Chrome77BuyCourseAddFeesAgentDomesticIndivCommFullPaymentTest@5dfcfece] depends on not successfully finished methods
... Removed 27 stack frames</div></td></tr></table><p class="totop"><a href="#summary">back to summary</a></p>
<h3 id="m60">Unipupil.UniMavenTests.Chrome77BuyCourseAddFeesAgentDomesticIndivCommFullPaymentTest#institutionLogout</h3><table class="result"><tr><th>Exception</th></tr><tr><td><div class="stacktrace">java.lang.Throwable: Method Chrome77BuyCourseAddFeesAgentDomesticIndivCommFullPaymentTest.institutionLogout()[pri:0, instance:Unipupil.UniMavenTests.Chrome77BuyCourseAddFeesAgentDomesticIndivCommFullPaymentTest@5dfcfece] depends on not successfully finished methods
... Removed 27 stack frames</div></td></tr></table><p class="totop"><a href="#summary">back to summary</a></p>
<h3 id="m61">Unipupil.UniMavenTests.Chrome77BuyCourseAddFeesAgentDomesticIndivCommFullPaymentTest#payPalLogin</h3><table class="result"><tr><th>Exception</th></tr><tr><td><div class="stacktrace">java.lang.Throwable: Method Chrome77BuyCourseAddFeesAgentDomesticIndivCommFullPaymentTest.payPalLogin()[pri:0, instance:Unipupil.UniMavenTests.Chrome77BuyCourseAddFeesAgentDomesticIndivCommFullPaymentTest@5dfcfece] depends on not successfully finished methods
... Removed 27 stack frames</div></td></tr></table><p class="totop"><a href="#summary">back to summary</a></p>
<h3 id="m62">Unipupil.UniMavenTests.Chrome77BuyCourseAddFeesAgentDomesticIndivCommFullPaymentTest#paymentOrderHistoryAdditionalFees</h3><table class="result"><tr><th>Exception</th></tr><tr><td><div class="stacktrace">java.lang.Throwable: Method Chrome77BuyCourseAddFeesAgentDomesticIndivCommFullPaymentTest.paymentOrderHistoryAdditionalFees()[pri:0, instance:Unipupil.UniMavenTests.Chrome77BuyCourseAddFeesAgentDomesticIndivCommFullPaymentTest@5dfcfece] depends on not successfully finished methods
... Removed 27 stack frames</div></td></tr></table><p class="totop"><a href="#summary">back to summary</a></p>
<h3 id="m63">Unipupil.UniMavenTests.Chrome77BuyCourseAddFeesAgentDomesticIndivCommFullPaymentTest#paymentOrderHistoryHeader</h3><table class="result"><tr><th>Exception</th></tr><tr><td><div class="stacktrace">java.lang.Throwable: Method Chrome77BuyCourseAddFeesAgentDomesticIndivCommFullPaymentTest.paymentOrderHistoryHeader()[pri:0, instance:Unipupil.UniMavenTests.Chrome77BuyCourseAddFeesAgentDomesticIndivCommFullPaymentTest@5dfcfece] depends on not successfully finished methods
... Removed 27 stack frames</div></td></tr></table><p class="totop"><a href="#summary">back to summary</a></p>
<h3 id="m64">Unipupil.UniMavenTests.Chrome77BuyCourseAddFeesAgentDomesticIndivCommFullPaymentTest#paymentOrderHistoryLinePrice</h3><table class="result"><tr><th>Exception</th></tr><tr><td><div class="stacktrace">java.lang.Throwable: Method Chrome77BuyCourseAddFeesAgentDomesticIndivCommFullPaymentTest.paymentOrderHistoryLinePrice()[pri:0, instance:Unipupil.UniMavenTests.Chrome77BuyCourseAddFeesAgentDomesticIndivCommFullPaymentTest@5dfcfece] depends on not successfully finished methods
... Removed 27 stack frames</div></td></tr></table><p class="totop"><a href="#summary">back to summary</a></p>
<h3 id="m65">Unipupil.UniMavenTests.Chrome77BuyCourseAddFeesAgentDomesticIndivCommFullPaymentTest#paymentOrderHistoryPage</h3><table class="result"><tr><th>Exception</th></tr><tr><td><div class="stacktrace">java.lang.Throwable: Method Chrome77BuyCourseAddFeesAgentDomesticIndivCommFullPaymentTest.paymentOrderHistoryPage()[pri:0, instance:Unipupil.UniMavenTests.Chrome77BuyCourseAddFeesAgentDomesticIndivCommFullPaymentTest@5dfcfece] depends on not successfully finished methods
... Removed 27 stack frames</div></td></tr></table><p class="totop"><a href="#summary">back to summary</a></p>
<h3 id="m66">Unipupil.UniMavenTests.Chrome77BuyCourseAddFeesAgentDomesticIndivCommFullPaymentTest#paymentOrderHistoryProductDescription</h3><table class="result"><tr><th>Exception</th></tr><tr><td><div class="stacktrace">java.lang.Throwable: Method Chrome77BuyCourseAddFeesAgentDomesticIndivCommFullPaymentTest.paymentOrderHistoryProductDescription()[pri:0, instance:Unipupil.UniMavenTests.Chrome77BuyCourseAddFeesAgentDomesticIndivCommFullPaymentTest@5dfcfece] depends on not successfully finished methods
... Removed 27 stack frames</div></td></tr></table><p class="totop"><a href="#summary">back to summary</a></p>
<h3 id="m67">Unipupil.UniMavenTests.Chrome77BuyCourseAddFeesAgentDomesticIndivCommFullPaymentTest#paymentOrderHistoryProductName</h3><table class="result"><tr><th>Exception</th></tr><tr><td><div class="stacktrace">java.lang.Throwable: Method Chrome77BuyCourseAddFeesAgentDomesticIndivCommFullPaymentTest.paymentOrderHistoryProductName()[pri:0, instance:Unipupil.UniMavenTests.Chrome77BuyCourseAddFeesAgentDomesticIndivCommFullPaymentTest@5dfcfece] depends on not successfully finished methods
... Removed 27 stack frames</div></td></tr></table><p class="totop"><a href="#summary">back to summary</a></p>
<h3 id="m68">Unipupil.UniMavenTests.Chrome77BuyCourseAddFeesAgentDomesticIndivCommFullPaymentTest#paymentOrderHistoryQuantity</h3><table class="result"><tr><th>Exception</th></tr><tr><td><div class="stacktrace">java.lang.Throwable: Method Chrome77BuyCourseAddFeesAgentDomesticIndivCommFullPaymentTest.paymentOrderHistoryQuantity()[pri:0, instance:Unipupil.UniMavenTests.Chrome77BuyCourseAddFeesAgentDomesticIndivCommFullPaymentTest@5dfcfece] depends on not successfully finished methods
... Removed 27 stack frames</div></td></tr></table><p class="totop"><a href="#summary">back to summary</a></p>
<h3 id="m69">Unipupil.UniMavenTests.Chrome77BuyCourseAddFeesAgentDomesticIndivCommFullPaymentTest#paymentOrderHistoryTotal</h3><table class="result"><tr><th>Exception</th></tr><tr><td><div class="stacktrace">java.lang.Throwable: Method Chrome77BuyCourseAddFeesAgentDomesticIndivCommFullPaymentTest.paymentOrderHistoryTotal()[pri:0, instance:Unipupil.UniMavenTests.Chrome77BuyCourseAddFeesAgentDomesticIndivCommFullPaymentTest@5dfcfece] depends on not successfully finished methods
... Removed 27 stack frames</div></td></tr></table><p class="totop"><a href="#summary">back to summary</a></p>
<h3 id="m70">Unipupil.UniMavenTests.Chrome77BuyCourseAddFeesAgentDomesticIndivCommFullPaymentTest#paymentOrderHistoryUnitPrice</h3><table class="result"><tr><th>Exception</th></tr><tr><td><div class="stacktrace">java.lang.Throwable: Method Chrome77BuyCourseAddFeesAgentDomesticIndivCommFullPaymentTest.paymentOrderHistoryUnitPrice()[pri:0, instance:Unipupil.UniMavenTests.Chrome77BuyCourseAddFeesAgentDomesticIndivCommFullPaymentTest@5dfcfece] depends on not successfully finished methods
... Removed 27 stack frames</div></td></tr></table><p class="totop"><a href="#summary">back to summary</a></p>
<h3 id="m71">Unipupil.UniMavenTests.Chrome77BuyCourseAddFeesAgentDomesticIndivCommFullPaymentTest#ppConfirmPageSummaryAmount</h3><table class="result"><tr><th>Exception</th></tr><tr><td><div class="stacktrace">java.lang.Throwable: Method Chrome77BuyCourseAddFeesAgentDomesticIndivCommFullPaymentTest.ppConfirmPageSummaryAmount()[pri:0, instance:Unipupil.UniMavenTests.Chrome77BuyCourseAddFeesAgentDomesticIndivCommFullPaymentTest@5dfcfece] depends on not successfully finished methods
... Removed 27 stack frames</div></td></tr></table><p class="totop"><a href="#summary">back to summary</a></p>
<h3 id="m72">Unipupil.UniMavenTests.Chrome77BuyCourseAddFeesAgentDomesticIndivCommFullPaymentTest#ppConfirmPageSummaryTotal</h3><table class="result"><tr><th>Exception</th></tr><tr><td><div class="stacktrace">java.lang.Throwable: Method Chrome77BuyCourseAddFeesAgentDomesticIndivCommFullPaymentTest.ppConfirmPageSummaryTotal()[pri:0, instance:Unipupil.UniMavenTests.Chrome77BuyCourseAddFeesAgentDomesticIndivCommFullPaymentTest@5dfcfece] depends on not successfully finished methods
... Removed 27 stack frames</div></td></tr></table><p class="totop"><a href="#summary">back to summary</a></p>
<h3 id="m73">Unipupil.UniMavenTests.Chrome77BuyCourseAddFeesAgentDomesticIndivCommFullPaymentTest#ppConfirmPayment</h3><table class="result"><tr><th>Exception</th></tr><tr><td><div class="stacktrace">java.lang.Throwable: Method Chrome77BuyCourseAddFeesAgentDomesticIndivCommFullPaymentTest.ppConfirmPayment()[pri:0, instance:Unipupil.UniMavenTests.Chrome77BuyCourseAddFeesAgentDomesticIndivCommFullPaymentTest@5dfcfece] depends on not successfully finished methods
... Removed 27 stack frames</div></td></tr></table><p class="totop"><a href="#summary">back to summary</a></p>
<h3 id="m74">Unipupil.UniMavenTests.Chrome77BuyCourseAddFeesAgentDomesticIndivCommFullPaymentTest#ppLoginPageSummaryAmount</h3><table class="result"><tr><th>Exception</th></tr><tr><td><div class="stacktrace">java.lang.Throwable: Method Chrome77BuyCourseAddFeesAgentDomesticIndivCommFullPaymentTest.ppLoginPageSummaryAmount()[pri:0, instance:Unipupil.UniMavenTests.Chrome77BuyCourseAddFeesAgentDomesticIndivCommFullPaymentTest@5dfcfece] depends on not successfully finished methods
... Removed 27 stack frames</div></td></tr></table><p class="totop"><a href="#summary">back to summary</a></p>
<h3 id="m75">Unipupil.UniMavenTests.Chrome77BuyCourseAddFeesAgentDomesticIndivCommFullPaymentTest#ppLoginPageSummaryTotal</h3><table class="result"><tr><th>Exception</th></tr><tr><td><div class="stacktrace">java.lang.Throwable: Method Chrome77BuyCourseAddFeesAgentDomesticIndivCommFullPaymentTest.ppLoginPageSummaryTotal()[pri:0, instance:Unipupil.UniMavenTests.Chrome77BuyCourseAddFeesAgentDomesticIndivCommFullPaymentTest@5dfcfece] depends on not successfully finished methods
... Removed 27 stack frames</div></td></tr></table><p class="totop"><a href="#summary">back to summary</a></p>
<h3 id="m76">Unipupil.UniMavenTests.Chrome77BuyCourseAddFeesAgentDomesticIndivCommFullPaymentTest#reviewOrderAdditionalFees</h3><table class="result"><tr><th>Exception</th></tr><tr><td><div class="stacktrace">java.lang.Throwable: Method Chrome77BuyCourseAddFeesAgentDomesticIndivCommFullPaymentTest.reviewOrderAdditionalFees()[pri:0, instance:Unipupil.UniMavenTests.Chrome77BuyCourseAddFeesAgentDomesticIndivCommFullPaymentTest@5dfcfece] depends on not successfully finished methods
... Removed 27 stack frames</div></td></tr></table><p class="totop"><a href="#summary">back to summary</a></p>
<h3 id="m77">Unipupil.UniMavenTests.Chrome77BuyCourseAddFeesAgentDomesticIndivCommFullPaymentTest#reviewOrderAdditionalFeesTitle</h3><table class="result"><tr><th>Exception</th></tr><tr><td><div class="stacktrace">java.lang.Throwable: Method Chrome77BuyCourseAddFeesAgentDomesticIndivCommFullPaymentTest.reviewOrderAdditionalFeesTitle()[pri:0, instance:Unipupil.UniMavenTests.Chrome77BuyCourseAddFeesAgentDomesticIndivCommFullPaymentTest@5dfcfece] depends on not successfully finished methods
... Removed 27 stack frames</div></td></tr></table><p class="totop"><a href="#summary">back to summary</a></p>
<h3 id="m78">Unipupil.UniMavenTests.Chrome77BuyCourseAddFeesAgentDomesticIndivCommFullPaymentTest#reviewOrderHeader</h3><table class="result"><tr><th>Exception</th></tr><tr><td><div class="stacktrace">java.lang.Throwable: Method Chrome77BuyCourseAddFeesAgentDomesticIndivCommFullPaymentTest.reviewOrderHeader()[pri:0, instance:Unipupil.UniMavenTests.Chrome77BuyCourseAddFeesAgentDomesticIndivCommFullPaymentTest@5dfcfece] depends on not successfully finished methods
... Removed 27 stack frames</div></td></tr></table><p class="totop"><a href="#summary">back to summary</a></p>
<h3 id="m79">Unipupil.UniMavenTests.Chrome77BuyCourseAddFeesAgentDomesticIndivCommFullPaymentTest#reviewOrderInstitutionTitle</h3><table class="result"><tr><th>Exception</th></tr><tr><td><div class="stacktrace">java.lang.Throwable: Method Chrome77BuyCourseAddFeesAgentDomesticIndivCommFullPaymentTest.reviewOrderInstitutionTitle()[pri:0, instance:Unipupil.UniMavenTests.Chrome77BuyCourseAddFeesAgentDomesticIndivCommFullPaymentTest@5dfcfece] depends on not successfully finished methods
... Removed 27 stack frames</div></td></tr></table><p class="totop"><a href="#summary">back to summary</a></p>
<h3 id="m80">Unipupil.UniMavenTests.Chrome77BuyCourseAddFeesAgentDomesticIndivCommFullPaymentTest#reviewOrderLinePrice</h3><table class="result"><tr><th>Exception</th></tr><tr><td><div class="stacktrace">java.lang.Throwable: Method Chrome77BuyCourseAddFeesAgentDomesticIndivCommFullPaymentTest.reviewOrderLinePrice()[pri:0, instance:Unipupil.UniMavenTests.Chrome77BuyCourseAddFeesAgentDomesticIndivCommFullPaymentTest@5dfcfece] depends on not successfully finished methods
... Removed 27 stack frames</div></td></tr></table><p class="totop"><a href="#summary">back to summary</a></p>
<h3 id="m81">Unipupil.UniMavenTests.Chrome77BuyCourseAddFeesAgentDomesticIndivCommFullPaymentTest#reviewOrderProductName</h3><table class="result"><tr><th>Exception</th></tr><tr><td><div class="stacktrace">java.lang.Throwable: Method Chrome77BuyCourseAddFeesAgentDomesticIndivCommFullPaymentTest.reviewOrderProductName()[pri:0, instance:Unipupil.UniMavenTests.Chrome77BuyCourseAddFeesAgentDomesticIndivCommFullPaymentTest@5dfcfece] depends on not successfully finished methods
... Removed 27 stack frames</div></td></tr></table><p class="totop"><a href="#summary">back to summary</a></p>
<h3 id="m82">Unipupil.UniMavenTests.Chrome77BuyCourseAddFeesAgentDomesticIndivCommFullPaymentTest#reviewOrderProductUnitPrice</h3><table class="result"><tr><th>Exception</th></tr><tr><td><div class="stacktrace">java.lang.Throwable: Method Chrome77BuyCourseAddFeesAgentDomesticIndivCommFullPaymentTest.reviewOrderProductUnitPrice()[pri:0, instance:Unipupil.UniMavenTests.Chrome77BuyCourseAddFeesAgentDomesticIndivCommFullPaymentTest@5dfcfece] depends on not successfully finished methods
... Removed 27 stack frames</div></td></tr></table><p class="totop"><a href="#summary">back to summary</a></p>
<h3 id="m83">Unipupil.UniMavenTests.Chrome77BuyCourseAddFeesAgentDomesticIndivCommFullPaymentTest#reviewOrderSubTotal</h3><table class="result"><tr><th>Exception</th></tr><tr><td><div class="stacktrace">java.lang.Throwable: Method Chrome77BuyCourseAddFeesAgentDomesticIndivCommFullPaymentTest.reviewOrderSubTotal()[pri:0, instance:Unipupil.UniMavenTests.Chrome77BuyCourseAddFeesAgentDomesticIndivCommFullPaymentTest@5dfcfece] depends on not successfully finished methods
... Removed 27 stack frames</div></td></tr></table><p class="totop"><a href="#summary">back to summary</a></p>
<h3 id="m84">Unipupil.UniMavenTests.Chrome77BuyCourseAddFeesAgentDomesticIndivCommFullPaymentTest#reviewOrderTotal</h3><table class="result"><tr><th>Exception</th></tr><tr><td><div class="stacktrace">java.lang.Throwable: Method Chrome77BuyCourseAddFeesAgentDomesticIndivCommFullPaymentTest.reviewOrderTotal()[pri:0, instance:Unipupil.UniMavenTests.Chrome77BuyCourseAddFeesAgentDomesticIndivCommFullPaymentTest@5dfcfece] depends on not successfully finished methods
... Removed 27 stack frames</div></td></tr></table><p class="totop"><a href="#summary">back to summary</a></p>
<h3 id="m85">Unipupil.UniMavenTests.Chrome77BuyCourseAddFeesAgentDomesticIndivCommFullPaymentTest#selectCourse</h3><table class="result"><tr><th>Exception</th></tr><tr><td><div class="stacktrace">java.lang.Throwable: Method Chrome77BuyCourseAddFeesAgentDomesticIndivCommFullPaymentTest.selectCourse()[pri:0, instance:Unipupil.UniMavenTests.Chrome77BuyCourseAddFeesAgentDomesticIndivCommFullPaymentTest@5dfcfece] depends on not successfully finished methods
... Removed 27 stack frames</div></td></tr></table><p class="totop"><a href="#summary">back to summary</a></p>
<h3 id="m86">Unipupil.UniMavenTests.Chrome77BuyCourseAddFeesAgentDomesticIndivCommFullPaymentTest#selectInstitution</h3><table class="result"><tr><th>Exception</th></tr><tr><td><div class="stacktrace">java.lang.Throwable: Method Chrome77BuyCourseAddFeesAgentDomesticIndivCommFullPaymentTest.selectInstitution()[pri:0, instance:Unipupil.UniMavenTests.Chrome77BuyCourseAddFeesAgentDomesticIndivCommFullPaymentTest@5dfcfece] depends on not successfully finished methods
... Removed 27 stack frames</div></td></tr></table><p class="totop"><a href="#summary">back to summary</a></p>
<h3 id="m87">Unipupil.UniMavenTests.Chrome77BuyCourseAddFeesAgentDomesticIndivCommFullPaymentTest#studentAccountAdditionalFee</h3><table class="result"><tr><th>Exception</th></tr><tr><td><div class="stacktrace">java.lang.Throwable: Method Chrome77BuyCourseAddFeesAgentDomesticIndivCommFullPaymentTest.studentAccountAdditionalFee()[pri:0, instance:Unipupil.UniMavenTests.Chrome77BuyCourseAddFeesAgentDomesticIndivCommFullPaymentTest@5dfcfece] depends on not successfully finished methods
... Removed 27 stack frames</div></td></tr></table><p class="totop"><a href="#summary">back to summary</a></p>
<h3 id="m88">Unipupil.UniMavenTests.Chrome77BuyCourseAddFeesAgentDomesticIndivCommFullPaymentTest#studentAccountAdditionalFeeName</h3><table class="result"><tr><th>Exception</th></tr><tr><td><div class="stacktrace">java.lang.Throwable: Method Chrome77BuyCourseAddFeesAgentDomesticIndivCommFullPaymentTest.studentAccountAdditionalFeeName()[pri:0, instance:Unipupil.UniMavenTests.Chrome77BuyCourseAddFeesAgentDomesticIndivCommFullPaymentTest@5dfcfece] depends on not successfully finished methods
... Removed 27 stack frames</div></td></tr></table><p class="totop"><a href="#summary">back to summary</a></p>
<h3 id="m89">Unipupil.UniMavenTests.Chrome77BuyCourseAddFeesAgentDomesticIndivCommFullPaymentTest#studentAccountAdditionalFeeTotal</h3><table class="result"><tr><th>Exception</th></tr><tr><td><div class="stacktrace">java.lang.Throwable: Method Chrome77BuyCourseAddFeesAgentDomesticIndivCommFullPaymentTest.studentAccountAdditionalFeeTotal()[pri:0, instance:Unipupil.UniMavenTests.Chrome77BuyCourseAddFeesAgentDomesticIndivCommFullPaymentTest@5dfcfece] depends on not successfully finished methods
... Removed 27 stack frames</div></td></tr></table><p class="totop"><a href="#summary">back to summary</a></p>
<h3 id="m90">Unipupil.UniMavenTests.Chrome77BuyCourseAddFeesAgentDomesticIndivCommFullPaymentTest#studentAccountCourseName</h3><table class="result"><tr><th>Exception</th></tr><tr><td><div class="stacktrace">java.lang.Throwable: Method Chrome77BuyCourseAddFeesAgentDomesticIndivCommFullPaymentTest.studentAccountCourseName()[pri:0, instance:Unipupil.UniMavenTests.Chrome77BuyCourseAddFeesAgentDomesticIndivCommFullPaymentTest@5dfcfece] depends on not successfully finished methods
... Removed 27 stack frames</div></td></tr></table><p class="totop"><a href="#summary">back to summary</a></p>
<h3 id="m91">Unipupil.UniMavenTests.Chrome77BuyCourseAddFeesAgentDomesticIndivCommFullPaymentTest#studentAccountCoursePrice</h3><table class="result"><tr><th>Exception</th></tr><tr><td><div class="stacktrace">java.lang.Throwable: Method Chrome77BuyCourseAddFeesAgentDomesticIndivCommFullPaymentTest.studentAccountCoursePrice()[pri:0, instance:Unipupil.UniMavenTests.Chrome77BuyCourseAddFeesAgentDomesticIndivCommFullPaymentTest@5dfcfece] depends on not successfully finished methods
... Removed 27 stack frames</div></td></tr></table><p class="totop"><a href="#summary">back to summary</a></p>
<h3 id="m92">Unipupil.UniMavenTests.Chrome77BuyCourseAddFeesAgentDomesticIndivCommFullPaymentTest#studentAccountFinishDate</h3><table class="result"><tr><th>Exception</th></tr><tr><td><div class="stacktrace">java.lang.Throwable: Method Chrome77BuyCourseAddFeesAgentDomesticIndivCommFullPaymentTest.studentAccountFinishDate()[pri:0, instance:Unipupil.UniMavenTests.Chrome77BuyCourseAddFeesAgentDomesticIndivCommFullPaymentTest@5dfcfece] depends on not successfully finished methods
... Removed 27 stack frames</div></td></tr></table><p class="totop"><a href="#summary">back to summary</a></p>
<h3 id="m93">Unipupil.UniMavenTests.Chrome77BuyCourseAddFeesAgentDomesticIndivCommFullPaymentTest#studentAccountPurchaseDate</h3><table class="result"><tr><th>Exception</th></tr><tr><td><div class="stacktrace">java.lang.Throwable: Method Chrome77BuyCourseAddFeesAgentDomesticIndivCommFullPaymentTest.studentAccountPurchaseDate()[pri:0, instance:Unipupil.UniMavenTests.Chrome77BuyCourseAddFeesAgentDomesticIndivCommFullPaymentTest@5dfcfece] depends on not successfully finished methods
... Removed 27 stack frames</div></td></tr></table><p class="totop"><a href="#summary">back to summary</a></p>
<h3 id="m94">Unipupil.UniMavenTests.Chrome77BuyCourseAddFeesAgentDomesticIndivCommFullPaymentTest#studentAccountStartDate</h3><table class="result"><tr><th>Exception</th></tr><tr><td><div class="stacktrace">java.lang.Throwable: Method Chrome77BuyCourseAddFeesAgentDomesticIndivCommFullPaymentTest.studentAccountStartDate()[pri:0, instance:Unipupil.UniMavenTests.Chrome77BuyCourseAddFeesAgentDomesticIndivCommFullPaymentTest@5dfcfece] depends on not successfully finished methods
... Removed 27 stack frames</div></td></tr></table><p class="totop"><a href="#summary">back to summary</a></p>
<h3 id="m95">Unipupil.UniMavenTests.Chrome77BuyCourseAddFeesAgentDomesticIndivCommFullPaymentTest#studentLogin</h3><table class="result"><tr><th>Exception</th></tr><tr><td><div class="stacktrace">java.lang.Throwable: Method Chrome77BuyCourseAddFeesAgentDomesticIndivCommFullPaymentTest.studentLogin()[pri:0, instance:Unipupil.UniMavenTests.Chrome77BuyCourseAddFeesAgentDomesticIndivCommFullPaymentTest@5dfcfece] depends on not successfully finished methods
... Removed 27 stack frames</div></td></tr></table><p class="totop"><a href="#summary">back to summary</a></p>
<h3 id="m96">Unipupil.UniMavenTests.Chrome77BuyCourseAddFeesAgentDomesticIndivCommFullPaymentTest#studentPayPalAccount</h3><table class="result"><tr><th>Exception</th></tr><tr><td><div class="stacktrace">java.lang.Throwable: Method Chrome77BuyCourseAddFeesAgentDomesticIndivCommFullPaymentTest.studentPayPalAccount()[pri:0, instance:Unipupil.UniMavenTests.Chrome77BuyCourseAddFeesAgentDomesticIndivCommFullPaymentTest@5dfcfece] depends on not successfully finished methods
... Removed 27 stack frames</div></td></tr></table><p class="totop"><a href="#summary">back to summary</a></p>
<h3 id="m97">Unipupil.UniMavenTests.Chrome77BuyCourseAddFeesAgentDomesticIndivCommFullPaymentTest#studentPaymentStatus</h3><table class="result"><tr><th>Exception</th></tr><tr><td><div class="stacktrace">java.lang.Throwable: Method Chrome77BuyCourseAddFeesAgentDomesticIndivCommFullPaymentTest.studentPaymentStatus()[pri:0, instance:Unipupil.UniMavenTests.Chrome77BuyCourseAddFeesAgentDomesticIndivCommFullPaymentTest@5dfcfece] depends on not successfully finished methods
... Removed 27 stack frames</div></td></tr></table><p class="totop"><a href="#summary">back to summary</a></p>
<h3 id="m98">Unipupil.UniMavenTests.Chrome77BuyCourseAddFeesAgentDomesticIndivCommFullPaymentTest#submitOrder</h3><table class="result"><tr><th>Exception</th></tr><tr><td><div class="stacktrace">java.lang.Throwable: Method Chrome77BuyCourseAddFeesAgentDomesticIndivCommFullPaymentTest.submitOrder()[pri:0, instance:Unipupil.UniMavenTests.Chrome77BuyCourseAddFeesAgentDomesticIndivCommFullPaymentTest@5dfcfece] depends on not successfully finished methods
... Removed 27 stack frames</div></td></tr></table><p class="totop"><a href="#summary">back to summary</a></p>
<h3 id="m99">Unipupil.UniMavenTests.Chrome77BuyCourseAddFeesAgentDomesticIndivCommFullPaymentTest#unipupilPayPalAccount</h3><table class="result"><tr><th>Exception</th></tr><tr><td><div class="stacktrace">java.lang.Throwable: Method Chrome77BuyCourseAddFeesAgentDomesticIndivCommFullPaymentTest.unipupilPayPalAccount()[pri:0, instance:Unipupil.UniMavenTests.Chrome77BuyCourseAddFeesAgentDomesticIndivCommFullPaymentTest@5dfcfece] depends on not successfully finished methods
... Removed 27 stack frames</div></td></tr></table><p class="totop"><a href="#summary">back to summary</a></p>
</body>
</html>
